\BOOKMARK [1][-]{section.1}{\376\377\000A\000u\000f\000g\000a\000b\000e\000\040\000a\000\040\000-\000\040\000Q\000R\000F\000a\000c\000t}{}% 1
\BOOKMARK [1][-]{section.2}{\376\377\000A\000u\000f\000g\000a\000b\000e\000\040\000b\000\040\000-\000\040\000Q\000R\000S\000o\000l\000v\000e}{}% 2
\BOOKMARK [1][-]{section.3}{\376\377\000A\000u\000f\000g\000a\000b\000e\000\040\000c}{}% 3
\BOOKMARK [2][-]{subsection.3.1}{\376\377\000C\000o\000m\000p\000R}{section.3}% 4
\BOOKMARK [2][-]{subsection.3.2}{\376\377\000C\000o\000m\000p\000Q}{section.3}% 5
\BOOKMARK [1][-]{section.4}{\376\377\000T\000e\000s\000t\000s}{}% 6
\BOOKMARK [2][-]{subsection.4.1}{\376\377\000Q\000R\000F\000a\000c\000t\000\040\000T\000e\000s\000t\000s}{section.4}% 7
\BOOKMARK [3][-]{subsubsection.4.1.1}{\376\377\0002\000x\0002\000\040\000M\000a\000t\000r\000i\000x}{subsection.4.1}% 8
\BOOKMARK [3][-]{subsubsection.4.1.2}{\376\377\0004\000x\0002\000\040\000M\000a\000t\000r\000i\000x}{subsection.4.1}% 9
\BOOKMARK [3][-]{subsubsection.4.1.3}{\376\377\0001\0000\000x\0005\000\040\000M\000a\000t\000r\000i\000x}{subsection.4.1}% 10
\BOOKMARK [3][-]{subsubsection.4.1.4}{\376\377\0001\0000\0000\0000\000x\0001\0000\0000\000\040\000M\000a\000t\000r\000i\000x}{subsection.4.1}% 11
\BOOKMARK [2][-]{subsection.4.2}{\376\377\000Q\000R\000S\000o\000l\000v\000e\000\040\000T\000e\000s\000t\000s}{section.4}% 12
\BOOKMARK [3][-]{subsubsection.4.2.1}{\376\377\000T\000e\000s\000t\000\040\0001}{subsection.4.2}% 13
\BOOKMARK [3][-]{subsubsection.4.2.2}{\376\377\000T\000e\000s\000t\000\040\0002}{subsection.4.2}% 14
\BOOKMARK [3][-]{subsubsection.4.2.3}{\376\377\000T\000e\000s\000t\000\040\0003}{subsection.4.2}% 15
\BOOKMARK [3][-]{subsubsection.4.2.4}{\376\377\000T\000e\000s\000t\000\040\0004}{subsection.4.2}% 16
\BOOKMARK [2][-]{subsection.4.3}{\376\377\000C\000o\000m\000p\000R\000,\000\040\000C\000o\000m\000p\000Q\000\040\000T\000e\000s\000t\000s}{section.4}% 17
\BOOKMARK [3][-]{subsubsection.4.3.1}{\376\377\0002\000x\0002\000\040\000M\000a\000t\000r\000i\000x}{subsection.4.3}% 18
\BOOKMARK [3][-]{subsubsection.4.3.2}{\376\377\0004\000x\0002\000\040\000M\000a\000t\000r\000i\000x}{subsection.4.3}% 19
\BOOKMARK [3][-]{subsubsection.4.3.3}{\376\377\0001\0000\000x\0005\000\040\000M\000a\000t\000r\000i\000x}{subsection.4.3}% 20
\BOOKMARK [3][-]{subsubsection.4.3.4}{\376\377\0001\0000\0000\0000\000x\0001\0000\0000\000\040\000M\000a\000t\000r\000i\000x}{subsection.4.3}% 21
